
 Volume in drive C is SYSTEM     
 Volume Serial Number is 0A22-180A
 Directory of C:\WINDOWS\DESKTOP\sa

.              <DIR>        07-21-99  2:48p .
..             <DIR>        07-21-99  2:48p ..
SONICA~1 MP3         2,416  07-27-99  3:44p sonicA_redMountain2.mp3
SONICA~2 MP3     2,779,004  07-27-99  2:47p sonicA_icecap.mp3
SONICA~3 MP3     2,870,957  07-21-99  4:36p sonicA_hot_shelter.mp3
SA_SNO~1 MP3     1,146,880  07-21-99  3:05p sa_snowy_mountain.mp3
SA_EGG~1 MP3     2,977,541  07-21-99  4:21p sa_egg_carrier.mp3
SA_TWI~1 MP3     1,439,031  07-21-99  4:14p sa_twinklepark1.mp3
SA_TWI~2 MP3     2,972,937  07-21-99  4:29p sa_twinklepark2.mp3
SA_GOO~1 MP3     1,232,136  07-21-99  4:16p sa_good_bye.mp3
SONICA~4 MP3     2,975,451  07-21-99  5:05p sonicA_emeraldCoast2.mp3
SK3_3_~1 MP3     2,725,929  07-21-99  5:24p sk3_3_Ending.mp3
SONICA~5 MP3     1,686,462  07-21-99  5:25p sonicA_intro.mp3
WINAMP~1 EXE       552,960  07-22-99  1:45p winamp224.exe
SONICA~6 MP3     2,659,891  07-22-99  2:02p sonicA_skyDeck2.mp3
SONICA~7 MP3     2,523,218  07-22-99  2:14p sonicA_emeraldCoast1.mp3
SA_CAS~1 MP3     2,640,248  07-22-99  2:18p sa_casinopolis.mp3
SA_CAS~2 MP3     2,440,457  07-22-99  2:21p sa_casinopolis-n.mp3
SA_FIN~1 MP3     2,922,787  07-22-99  2:44p sa_final_egg2.mp3
SA_FIN~2 MP3     2,758,942  07-22-99  2:44p sa_final_egg1.mp3
SA_RED~1 MP3     2,580,057  07-22-99  3:04p sa_redmountain1.mp3
SA_ENE~1 MP3     2,485,183  07-22-99  3:05p sa_enemy_event.mp3
SA_UNB~1 MP3     2,396,575  07-22-99  3:28p sa_unbound.mp3
SONICA~8 MP3     2,553,307  07-22-99  3:29p sonicA_leading_lights.mp3
SA_CAS~3 MP3     3,532,588  07-22-99  3:35p sa_casinopolis-s.mp3
SONICA~9 MP3     3,023,512  07-22-99  3:35p sonicA_lostWorld.mp3
SONIC~10 MP3     3,875,734  07-27-99 12:24p sonicA_big.mp3
SONIC~11 MP3     4,339,669  07-27-99 12:25p sonicA_e102.mp3
SONIC~12 MP3     3,648,778  07-27-99 12:45p sonicA_eggman.mp3
SONIC_~1 MP3     4,264,420  07-27-99 12:52p SONIC_knuckles.mp3
SONIC_~2 MP3     4,910,594  07-27-99  3:06p SONIC_amy.mp3
SONIC~13 MP3     2,730,943  07-27-99  3:24p sonicA_emerald_coast_big.mp3
SONIC_~3 MP3     4,290,763  07-27-99  3:43p SONIC_sonic.mp3
SONIC_~4 MP3     3,719,413  07-27-99  4:16p SONIC_miles.mp3
FILES    LST             0  07-27-99  6:18p files.lst
        33 file(s)     87,658,783 bytes
         2 dir(s)   1,306,767,360 bytes free
